<?xml version="1.0" encoding="UTF-8"?>
<!-- Generated by org.testng.reporters.JUnitReportReporter -->
<testsuite hostname="SG-PC005-DRM" failures="0" tests="1" name="TestCases.TodoTest" time="5.144" errors="0" timestamp="2023-08-31T10:30:47 WAT" skipped="0">
  <testcase classname="TestCases.TodoTest" name="ShouldBeAbleTodeleteTodo" time="5.144"/>
</testsuite> <!-- TestCases.TodoTest -->
