<?xml version="1.0" encoding="UTF-8"?>
<!-- Generated by org.testng.reporters.JUnitReportReporter -->
<testsuite hostname="SG-PC005-DRM" failures="0" tests="1" name="TestCases.LoginTest" time="5.628" errors="0" timestamp="2023-08-31T22:12:33 WAT" skipped="0">
  <testcase classname="TestCases.LoginTest" name="ShouldBeAbleToLoginWithEmailAndPassword" time="5.628"/>
</testsuite> <!-- TestCases.LoginTest -->
