<?xml version="1.0" encoding="UTF-8"?>
<!-- Generated by org.testng.reporters.JUnitReportReporter -->
<testsuite hostname="SG-PC005-DRM" failures="0" tests="1" name="TestCases.LoginTest" time="23.369" errors="0" timestamp="2023-09-01T16:42:46 CET" skipped="0">
  <testcase classname="TestCases.LoginTest" name="ShouldBeAbleToLoginWithEmailAndPassword" time="23.369"/>
</testsuite> <!-- TestCases.LoginTest -->
