<?xml version="1.0" encoding="UTF-8"?>
<!-- Generated by org.testng.reporters.JUnitReportReporter -->
<testsuite hostname="SG-PC005-DRM" failures="0" tests="1" name="TestCases.TodoTest" time="5.001" errors="0" timestamp="2023-09-01T16:42:46 CET" skipped="0">
  <testcase classname="TestCases.TodoTest" name="ShouldBeAbleTodeleteTodo" time="5.001"/>
</testsuite> <!-- TestCases.TodoTest -->
